<?xml version="1.0" encoding="UTF-8"?>
<!-- Generated by org.testng.reporters.JUnitReportReporter -->
<testsuite hostname="YCX-PC" name="net.kitty.lesson.helloapi.lesson2019.Demo4_Post" tests="2" failures="0" timestamp="5 Jan 2020 03:46:38 GMT" time="2.726" errors="0">
  <testcase name="testAddUser" time="2.056" classname="net.kitty.lesson.helloapi.lesson2019.Demo4_Post"/>
  <testcase name="testAddUser" time="0.670" classname="net.kitty.lesson.helloapi.lesson2019.Demo4_Post"/>
</testsuite> <!-- net.kitty.lesson.helloapi.lesson2019.Demo4_Post -->
