<?xml version="1.0" encoding="UTF-8"?>
<!-- Generated by org.testng.reporters.JUnitReportReporter -->
<testsuite hostname="bj12014120488" name="net.kitty.lesson.helloapi.redis.RedisTest" tests="1" failures="0" timestamp="11 Jul 2019 11:50:26 GMT" time="0.010" errors="0">
  <testcase name="test" time="0.010" classname="net.kitty.lesson.helloapi.redis.RedisTest"/>
</testsuite> <!-- net.kitty.lesson.helloapi.redis.RedisTest -->
