<?xml version="1.0" encoding="UTF-8"?>
<!-- Generated by org.testng.reporters.JUnitReportReporter -->
<testsuite hostname="YCX-PC" name="net.kitty.lesson.helloapi.lesson2019.BaseTest" tests="2" failures="0" timestamp="29 Dec 2019 08:51:48 GMT" time="5.018" errors="0">
  <testcase name="deleteuser" time="0.503" classname="net.kitty.lesson.helloapi.lesson2019.BaseTest"/>
  <testcase name="testListUserByParam" time="4.515" classname="net.kitty.lesson.helloapi.lesson2019.BaseTest"/>
</testsuite> <!-- net.kitty.lesson.helloapi.lesson2019.BaseTest -->
