<?xml version="1.0" encoding="UTF-8"?>
<!-- Generated by org.testng.reporters.JUnitReportReporter -->
<testsuite hostname="bj12014120488" name="net.kitty.lesson.helloapi.lesson.HelloVars" tests="2" failures="0" timestamp="10 Jul 2019 09:57:01 GMT" time="0.297" errors="0">
  <testcase name="test" time="0.296" classname="net.kitty.lesson.helloapi.lesson.HelloVars"/>
  <testcase name="getVars" time="0.001" classname="net.kitty.lesson.helloapi.lesson.HelloVars"/>
</testsuite> <!-- net.kitty.lesson.helloapi.lesson.HelloVars -->
