<?xml version="1.0" encoding="UTF-8"?>
<!-- Generated by org.testng.reporters.JUnitReportReporter -->
<testsuite hostname="bj12014120488" name="net.kitty.lesson.helloapi.report.DemoTest" tests="1" failures="0" timestamp="11 Jul 2019 03:37:29 GMT" time="0.129" errors="0">
  <testcase name="testDemo" time="0.129" classname="net.kitty.lesson.helloapi.report.DemoTest"/>
</testsuite> <!-- net.kitty.lesson.helloapi.report.DemoTest -->
