<?xml version="1.0" encoding="UTF-8"?>
<!-- Generated by org.testng.reporters.JUnitReportReporter -->
<testsuite hostname="bj12014120488" name="net.kitty.lesson.helloapi.lesson2019.Day2_4_Encrypt" tests="1" failures="0" timestamp="24 Dec 2019 10:00:44 GMT" time="1.110" errors="0">
  <testcase name="testPostByRandom" time="1.110" classname="net.kitty.lesson.helloapi.lesson2019.Day2_4_Encrypt"/>
</testsuite> <!-- net.kitty.lesson.helloapi.lesson2019.Day2_4_Encrypt -->
