<?xml version="1.0" encoding="UTF-8"?>
<!-- Generated by org.testng.reporters.JUnitReportReporter -->
<testsuite hostname="bj12014120488" name="net.kitty.lesson.helloapi.lesson2019.Day1_5_PropertyUtil" tests="1" failures="0" timestamp="24 Dec 2019 07:38:31 GMT" time="0.979" errors="0">
  <testcase name="testDelete" time="0.979" classname="net.kitty.lesson.helloapi.lesson2019.Day1_5_PropertyUtil"/>
</testsuite> <!-- net.kitty.lesson.helloapi.lesson2019.Day1_5_PropertyUtil -->
