<?xml version="1.0" encoding="UTF-8"?>
<!-- Generated by org.testng.reporters.JUnitReportReporter -->
<testsuite hostname="YCX-PC" name="net.kitty.lesson.helloapi.lesson2019.Day1_3_global" tests="1" failures="0" timestamp="5 Jan 2020 01:57:40 GMT" time="2.511" errors="0">
  <testcase name="testListUserByParam" time="2.511" classname="net.kitty.lesson.helloapi.lesson2019.Day1_3_global"/>
</testsuite> <!-- net.kitty.lesson.helloapi.lesson2019.Day1_3_global -->
