<?xml version="1.0" encoding="UTF-8"?>
<!-- Generated by org.testng.reporters.JUnitReportReporter -->
<testsuite hostname="bj12014120488" name="net.kitty.lesson.helloapi.lesson2019.Day2_2_Random" tests="2" failures="0" timestamp="24 Dec 2019 09:12:09 GMT" time="1.237" errors="0">
  <testcase name="testPostByExcel" time="0.927" classname="net.kitty.lesson.helloapi.lesson2019.Day2_2_Random"/>
  <testcase name="testPostByExcel" time="0.310" classname="net.kitty.lesson.helloapi.lesson2019.Day2_2_Random"/>
</testsuite> <!-- net.kitty.lesson.helloapi.lesson2019.Day2_2_Random -->
