<?xml version="1.0" encoding="UTF-8"?>
<!-- Generated by org.testng.reporters.JUnitReportReporter -->
<testsuite hostname="YCX-PC" name="net.kitty.lesson.helloapi.lesson2019.Day1_1_HelloTestNG" tests="2" failures="0" timestamp="29 Dec 2019 07:59:13 GMT" time="3.076" errors="0">
  <testcase name="deleteuser" time="2.530" classname="net.kitty.lesson.helloapi.lesson2019.Day1_1_HelloTestNG"/>
  <testcase name="testListUserByParam" time="0.546" classname="net.kitty.lesson.helloapi.lesson2019.Day1_1_HelloTestNG"/>
</testsuite> <!-- net.kitty.lesson.helloapi.lesson2019.Day1_1_HelloTestNG -->
