<?xml version="1.0" encoding="UTF-8"?>
<!-- Generated by org.testng.reporters.JUnitReportReporter -->
<testsuite hostname="bj12014120488" name="net.kitty.lesson.helloapi.extentreport3.Demo3" tests="1" failures="0" timestamp="11 Jul 2019 06:13:30 GMT" time="0.011" errors="0">
  <testcase name="testDemo" time="0.011" classname="net.kitty.lesson.helloapi.extentreport3.Demo3"/>
</testsuite> <!-- net.kitty.lesson.helloapi.extentreport3.Demo3 -->
