<?xml version="1.0" encoding="UTF-8"?>
<!-- Generated by org.testng.reporters.JUnitReportReporter -->
<testsuite hostname="YCX-PC" name="net.kitty.lesson.helloapi.lesson2019.Demo5_time" tests="1" failures="0" timestamp="5 Jan 2020 06:48:24 GMT" time="2.809" errors="0">
  <testcase name="testAddUser" time="2.809" classname="net.kitty.lesson.helloapi.lesson2019.Demo5_time"/>
</testsuite> <!-- net.kitty.lesson.helloapi.lesson2019.Demo5_time -->
