<?xml version="1.0" encoding="UTF-8"?>
<!-- Generated by org.testng.reporters.JUnitReportReporter -->
<testsuite hostname="bj12014120488" name="net.kitty.lesson.helloapi.practice.DemoTest" tests="1" failures="0" timestamp="11 Jul 2019 07:34:27 GMT" time="0.012" errors="0">
  <testcase name="test" time="0.012" classname="net.kitty.lesson.helloapi.practice.DemoTest"/>
</testsuite> <!-- net.kitty.lesson.helloapi.practice.DemoTest -->
