<?xml version="1.0" encoding="UTF-8"?>
<!-- Generated by org.testng.reporters.JUnitReportReporter -->
<testsuite hostname="YCX-PC" name="net.kitty.lesson.helloapi.lesson2019.Day2_5_PropConsumer" tests="1" failures="0" timestamp="5 Jan 2020 07:30:37 GMT" time="0.007" errors="0">
  <testcase name="test" time="0.007" classname="net.kitty.lesson.helloapi.lesson2019.Day2_5_PropConsumer"/>
</testsuite> <!-- net.kitty.lesson.helloapi.lesson2019.Day2_5_PropConsumer -->
