<?xml version="1.0" encoding="UTF-8"?>
<!-- Generated by org.testng.reporters.JUnitReportReporter -->
<testsuite hostname="DESKTOP-H5QGGQD" name="net.kitty.lesson.helloapi.lesson2019.Day2_3_Time" tests="1" failures="0" timestamp="25 Dec 2019 14:18:42 GMT" time="2.708" errors="0">
  <testcase name="testPostByRandom" time="2.708" classname="net.kitty.lesson.helloapi.lesson2019.Day2_3_Time"/>
</testsuite> <!-- net.kitty.lesson.helloapi.lesson2019.Day2_3_Time -->
