<?xml version="1.0" encoding="UTF-8"?>
<!-- Generated by org.testng.reporters.JUnitReportReporter -->
<testsuite hostname="DESKTOP-H5QGGQD" name="net.kitty.lesson.helloapi.lesson2019.Day1_4_Javamall_UserList" tests="1" failures="0" timestamp="25 Dec 2019 14:18:09 GMT" time="1.029" errors="0">
  <testcase name="testWithQueyParam" time="1.029" classname="net.kitty.lesson.helloapi.lesson2019.Day1_4_Javamall_UserList"/>
</testsuite> <!-- net.kitty.lesson.helloapi.lesson2019.Day1_4_Javamall_UserList -->
