<?xml version="1.0" encoding="UTF-8"?>
<!-- Generated by org.testng.reporters.JUnitReportReporter -->
<testsuite hostname="bj12014120488" name="net.kitty.lesson.helloapi.lesson.HelloJsonParse" tests="1" failures="0" timestamp="12 Jul 2019 09:22:51 GMT" time="0.187" errors="0">
  <testcase name="testJsonArray" time="0.187" classname="net.kitty.lesson.helloapi.lesson.HelloJsonParse"/>
</testsuite> <!-- net.kitty.lesson.helloapi.lesson.HelloJsonParse -->
